Script started on 2026-07-22 11:27:40+00:00 [<not executed on terminal>]
============================= test session starts ==============================
platform linux -- Python 3.11.14, pytest-8.4.2, pluggy-1.6.0
rootdir: /home/hanxiao/develop/DSAA4012/DSAA-4012-Project
configfile: pyproject.toml
testpaths: tests
plugins: langsmith-0.7.32, hydra-core-1.3.2, typeguard-4.4.4, anyio-4.10.0
collected 20 items

tests/test_config.py ....                                                [ 20%]
tests/test_decode.py ...                                                 [ 35%]
tests/test_experiments.py ..                                             [ 45%]
tests/test_model.py .                                                    [ 50%]
tests/test_plotting.py .                                                 [ 55%]
tests/test_quality.py ....                                               [ 75%]
tests/test_quantization.py .                                             [ 80%]
tests/test_results.py ..                                                 [ 90%]
tests/test_timing.py ..                                                  [100%]

=============================== warnings summary ===============================
tests/test_quantization.py::QuantizationTests::test_dynamic_cpu_quantization_preserves_lm_head
  /home/hanxiao/develop/DSAA4012/DSAA-4012-Project/src/mlsys360/quantization.py:24: DeprecationWarning: torch.ao.quantization is deprecated and will be removed in 2.10. 
  For migrations of users: 
  1. Eager mode quantization (torch.ao.quantization.quantize, torch.ao.quantization.quantize_dynamic), please migrate to use torchao eager mode quantize_ API instead 
  2. FX graph mode quantization (torch.ao.quantization.quantize_fx.prepare_fx,torch.ao.quantization.quantize_fx.convert_fx, please migrate to use torchao pt2e quantization API instead (prepare_pt2e, convert_pt2e) 
  3. pt2e quantization has been migrated to torchao (https://github.com/pytorch/ao/tree/main/torchao/quantization/pt2e) 
  see https://github.com/pytorch/ao/issues/2259 for more details
    quantized = torch.ao.quantization.quantize_dynamic(

tests/test_quantization.py::QuantizationTests::test_dynamic_cpu_quantization_preserves_lm_head
  /home/hanxiao/miniconda3/envs/dsaa4012-rerun/lib/python3.11/site-packages/torch/ao/quantization/quantize.py:570: DeprecationWarning: torch.ao.quantization is deprecated and will be removed in 2.10. 
  For migrations of users: 
  1. Eager mode quantization (torch.ao.quantization.quantize, torch.ao.quantization.quantize_dynamic), please migrate to use torchao eager mode quantize_ API instead 
  2. FX graph mode quantization (torch.ao.quantization.quantize_fx.prepare_fx,torch.ao.quantization.quantize_fx.convert_fx, please migrate to use torchao pt2e quantization API instead (prepare_pt2e, convert_pt2e) 
  3. pt2e quantization has been migrated to torchao (https://github.com/pytorch/ao/tree/main/torchao/quantization/pt2e) 
  see https://github.com/pytorch/ao/issues/2259 for more details
    convert(model, mapping, inplace=True)

-- Docs: https://docs.pytest.org/en/stable/how-to/capture-warnings.html
======================== 20 passed, 2 warnings in 5.51s ========================


Script done on 2026-07-22 11:27:51+00:00 [COMMAND_EXIT_CODE="0"]
